app/build/intermediates/manifest_merge_blame_file/debug/processDebugMainManifest/manifest-merger-blame-debug-report.txt
1<?xml version="1.0" encoding="utf-8"?>
2<manifest xmlns:android="http://schemas.android.com/apk/res/android"
3    package="com.zurmati.zeem"
4    android:versionCode="1"
5    android:versionName="1.0" >
6
7    <uses-sdk
8        android:minSdkVersion="24"
9        android:targetSdkVersion="36" />
10
11    <uses-permission android:name="android.permission.INTERNET" />
11-->[:zeem] AndroidManifest.xml:7:5-67
11-->[:zeem] AndroidManifest.xml:7:22-64
12    <uses-permission android:name="android.permission.WRITE_EXTERNAL_STORAGE" />
13    <uses-permission android:name="android.permission.READ_PHONE_STATE" />
14    <uses-permission android:name="android.permission.READ_EXTERNAL_STORAGE" />
15    <uses-permission android:name="android.permission.ACCESS_NETWORK_STATE" />
15-->[com.google.android.gms:play-services-ads-api:25.0.0] AndroidManifest.xml:25:5-79
15-->[com.google.android.gms:play-services-ads-api:25.0.0] AndroidManifest.xml:25:22-76
16    <uses-permission android:name="com.google.android.gms.permission.AD_ID" />
16-->[com.google.android.gms:play-services-ads-api:25.0.0] AndroidManifest.xml:26:5-79
16-->[com.google.android.gms:play-services-ads-api:25.0.0] AndroidManifest.xml:26:22-76
17    <uses-permission android:name="android.permission.ACCESS_ADSERVICES_AD_ID" />
17-->[com.google.android.gms:play-services-ads-api:25.0.0] AndroidManifest.xml:27:5-82
17-->[com.google.android.gms:play-services-ads-api:25.0.0] AndroidManifest.xml:27:22-79
18    <uses-permission android:name="android.permission.ACCESS_ADSERVICES_ATTRIBUTION" />
18-->[com.google.android.gms:play-services-ads-api:25.0.0] AndroidManifest.xml:28:5-88
18-->[com.google.android.gms:play-services-ads-api:25.0.0] AndroidManifest.xml:28:22-85
19    <uses-permission android:name="android.permission.ACCESS_ADSERVICES_TOPICS" /> <!-- Android package visibility setting -->
19-->[com.google.android.gms:play-services-ads-api:25.0.0] AndroidManifest.xml:29:5-83
19-->[com.google.android.gms:play-services-ads-api:25.0.0] AndroidManifest.xml:29:22-80
20    <queries>
20-->[com.google.android.gms:play-services-ads-api:25.0.0] AndroidManifest.xml:35:5-68:15
21
22        <!-- For browser content -->
23        <intent>
23-->[com.google.android.gms:play-services-ads-api:25.0.0] AndroidManifest.xml:38:9-44:18
24            <action android:name="android.intent.action.VIEW" />
24-->[com.google.android.gms:play-services-ads-api:25.0.0] AndroidManifest.xml:39:13-65
24-->[com.google.android.gms:play-services-ads-api:25.0.0] AndroidManifest.xml:39:21-62
25
26            <category android:name="android.intent.category.BROWSABLE" />
26-->[com.google.android.gms:play-services-ads-api:25.0.0] AndroidManifest.xml:41:13-74
26-->[com.google.android.gms:play-services-ads-api:25.0.0] AndroidManifest.xml:41:23-71
27
28            <data android:scheme="https" />
28-->[com.google.android.gms:play-services-ads-api:25.0.0] AndroidManifest.xml:43:13-44
28-->[com.google.android.gms:play-services-ads-api:25.0.0] AndroidManifest.xml:43:19-41
29        </intent>
30        <!-- End of browser content -->
31        <!-- For CustomTabsService -->
32        <intent>
32-->[com.google.android.gms:play-services-ads-api:25.0.0] AndroidManifest.xml:47:9-49:18
33            <action android:name="android.support.customtabs.action.CustomTabsService" />
33-->[com.google.android.gms:play-services-ads-api:25.0.0] AndroidManifest.xml:48:13-90
33-->[com.google.android.gms:play-services-ads-api:25.0.0] AndroidManifest.xml:48:21-87
34        </intent>
35        <!-- End of CustomTabsService -->
36        <!-- For MRAID capabilities -->
37        <intent>
37-->[com.google.android.gms:play-services-ads-api:25.0.0] AndroidManifest.xml:52:9-56:18
38            <action android:name="android.intent.action.INSERT" />
38-->[com.google.android.gms:play-services-ads-api:25.0.0] AndroidManifest.xml:53:13-67
38-->[com.google.android.gms:play-services-ads-api:25.0.0] AndroidManifest.xml:53:21-64
39
40            <data android:mimeType="vnd.android.cursor.dir/event" />
40-->[com.google.android.gms:play-services-ads-api:25.0.0] AndroidManifest.xml:43:13-44
41        </intent>
42        <intent>
42-->[com.google.android.gms:play-services-ads-api:25.0.0] AndroidManifest.xml:57:9-61:18
43            <action android:name="android.intent.action.VIEW" />
43-->[com.google.android.gms:play-services-ads-api:25.0.0] AndroidManifest.xml:39:13-65
43-->[com.google.android.gms:play-services-ads-api:25.0.0] AndroidManifest.xml:39:21-62
44
45            <data android:scheme="sms" />
45-->[com.google.android.gms:play-services-ads-api:25.0.0] AndroidManifest.xml:43:13-44
45-->[com.google.android.gms:play-services-ads-api:25.0.0] AndroidManifest.xml:43:19-41
46        </intent>
47        <intent>
47-->[com.google.android.gms:play-services-ads-api:25.0.0] AndroidManifest.xml:62:9-66:18
48            <action android:name="android.intent.action.DIAL" />
48-->[com.google.android.gms:play-services-ads-api:25.0.0] AndroidManifest.xml:63:13-65
48-->[com.google.android.gms:play-services-ads-api:25.0.0] AndroidManifest.xml:63:21-62
49
50            <data android:path="tel:" />
50-->[com.google.android.gms:play-services-ads-api:25.0.0] AndroidManifest.xml:43:13-44
51        </intent>
52        <!-- End of MRAID capabilities -->
53        <intent>
53-->[com.android.billingclient:billing:8.3.0] AndroidManifest.xml:13:9-15:18
54            <action android:name="com.android.vending.billing.InAppBillingService.BIND" />
54-->[com.android.billingclient:billing:8.3.0] AndroidManifest.xml:14:13-91
54-->[com.android.billingclient:billing:8.3.0] AndroidManifest.xml:14:21-88
55        </intent>
56        <intent>
56-->[com.android.billingclient:billing:8.3.0] AndroidManifest.xml:16:9-18:18
57            <action android:name="com.google.android.apps.play.billingtestcompanion.BillingOverrideService.BIND" />
57-->[com.android.billingclient:billing:8.3.0] AndroidManifest.xml:17:13-116
57-->[com.android.billingclient:billing:8.3.0] AndroidManifest.xml:17:21-113
58        </intent>
59    </queries>
60
61    <uses-permission android:name="android.permission.WAKE_LOCK" />
61-->[com.google.android.gms:play-services-measurement:23.0.0] AndroidManifest.xml:25:5-68
61-->[com.google.android.gms:play-services-measurement:23.0.0] AndroidManifest.xml:25:22-65
62    <uses-permission android:name="com.google.android.finsky.permission.BIND_GET_INSTALL_REFERRER_SERVICE" />
62-->[com.google.android.gms:play-services-measurement:23.0.0] AndroidManifest.xml:26:5-110
62-->[com.google.android.gms:play-services-measurement:23.0.0] AndroidManifest.xml:26:22-107
63    <uses-permission android:name="com.android.vending.BILLING" />
63-->[com.android.billingclient:billing-ktx:8.3.0] AndroidManifest.xml:9:5-67
63-->[com.android.billingclient:billing-ktx:8.3.0] AndroidManifest.xml:9:22-64
64    <uses-permission android:name="android.permission.FOREGROUND_SERVICE" />
64-->[androidx.work:work-runtime:2.7.0] AndroidManifest.xml:28:5-77
64-->[androidx.work:work-runtime:2.7.0] AndroidManifest.xml:28:22-74
65
66    <permission
66-->[androidx.core:core:1.17.0] AndroidManifest.xml:22:5-24:47
67        android:name="com.zurmati.zeem.DYNAMIC_RECEIVER_NOT_EXPORTED_PERMISSION"
67-->[androidx.core:core:1.17.0] AndroidManifest.xml:23:9-81
68        android:protectionLevel="signature" />
68-->[androidx.core:core:1.17.0] AndroidManifest.xml:24:9-44
69
70    <uses-permission android:name="com.zurmati.zeem.DYNAMIC_RECEIVER_NOT_EXPORTED_PERMISSION" />
70-->[androidx.core:core:1.17.0] AndroidManifest.xml:26:5-97
70-->[androidx.core:core:1.17.0] AndroidManifest.xml:26:22-94
71
72    <application
72-->src\main\AndroidManifest.xml:5:5-24:19
73        android:allowBackup="true"
73-->src\main\AndroidManifest.xml:6:9-35
74        android:appComponentFactory="androidx.core.app.CoreComponentFactory"
74-->[androidx.core:core:1.17.0] AndroidManifest.xml:28:18-86
75        android:dataExtractionRules="@xml/data_extraction_rules"
75-->src\main\AndroidManifest.xml:7:9-65
76        android:debuggable="true"
77        android:extractNativeLibs="false"
78        android:fullBackupContent="@xml/backup_rules"
78-->src\main\AndroidManifest.xml:8:9-54
79        android:icon="@mipmap/ic_launcher"
79-->src\main\AndroidManifest.xml:9:9-43
80        android:label="@string/app_name"
80-->src\main\AndroidManifest.xml:10:9-41
81        android:roundIcon="@mipmap/ic_launcher_round"
81-->src\main\AndroidManifest.xml:11:9-54
82        android:supportsRtl="true"
82-->src\main\AndroidManifest.xml:12:9-35
83        android:theme="@style/Theme.Zeem" >
83-->src\main\AndroidManifest.xml:13:9-42
84        <activity
84-->src\main\AndroidManifest.xml:15:9-23:20
85            android:name="com.zurmati.zeem.MainActivity"
85-->src\main\AndroidManifest.xml:16:13-41
86            android:exported="true" >
86-->src\main\AndroidManifest.xml:17:13-36
87            <intent-filter>
87-->src\main\AndroidManifest.xml:18:13-22:29
88                <action android:name="android.intent.action.MAIN" />
88-->src\main\AndroidManifest.xml:19:17-69
88-->src\main\AndroidManifest.xml:19:25-66
89
90                <category android:name="android.intent.category.LAUNCHER" />
90-->src\main\AndroidManifest.xml:21:17-77
90-->src\main\AndroidManifest.xml:21:27-74
91            </intent-filter>
92        </activity>
93
94        <meta-data
94-->[:zeem] AndroidManifest.xml:10:9-12:36
95            android:name="com.google.android.gms.ads.flag.OPTIMIZE_INITIALIZATION"
95-->[:zeem] AndroidManifest.xml:11:13-83
96            android:value="true" />
96-->[:zeem] AndroidManifest.xml:12:13-33
97        <meta-data
97-->[:zeem] AndroidManifest.xml:13:9-15:36
98            android:name="com.google.android.gms.ads.flag.OPTIMIZE_AD_LOADING"
98-->[:zeem] AndroidManifest.xml:14:13-79
99            android:value="true" />
99-->[:zeem] AndroidManifest.xml:15:13-33
100
101        <provider
101-->[com.github.AliAsadi:PowerPreference:2.1.1] AndroidManifest.xml:10:9-14:40
102            android:name="com.preference.provider.PreferenceProvider"
102-->[com.github.AliAsadi:PowerPreference:2.1.1] AndroidManifest.xml:11:13-70
103            android:authorities="com.zurmati.zeem.content.provider"
103-->[com.github.AliAsadi:PowerPreference:2.1.1] AndroidManifest.xml:12:13-68
104            android:enabled="true"
104-->[com.github.AliAsadi:PowerPreference:2.1.1] AndroidManifest.xml:13:13-35
105            android:exported="false" />
105-->[com.github.AliAsadi:PowerPreference:2.1.1] AndroidManifest.xml:14:13-37
106
107        <activity android:name="com.preference.ui.debug.DebugActivity" /> <!-- Include the AdActivity and InAppPurchaseActivity configChanges and themes. -->
107-->[com.github.AliAsadi:PowerPreference:2.1.1] AndroidManifest.xml:16:9-74
107-->[com.github.AliAsadi:PowerPreference:2.1.1] AndroidManifest.xml:16:19-71
108        <activity
108-->[com.google.android.gms:play-services-ads-api:25.0.0] AndroidManifest.xml:73:9-79:43
109            android:name="com.google.android.gms.ads.AdActivity"
109-->[com.google.android.gms:play-services-ads-api:25.0.0] AndroidManifest.xml:74:13-65
110            android:configChanges="keyboard|keyboardHidden|orientation|screenLayout|uiMode|screenSize|smallestScreenSize"
110-->[com.google.android.gms:play-services-ads-api:25.0.0] AndroidManifest.xml:75:13-122
111            android:enableOnBackInvokedCallback="false"
111-->[com.google.android.gms:play-services-ads-api:25.0.0] AndroidManifest.xml:76:13-56
112            android:exported="false"
112-->[com.google.android.gms:play-services-ads-api:25.0.0] AndroidManifest.xml:77:13-37
113            android:theme="@android:style/Theme.Translucent" />
113-->[com.google.android.gms:play-services-ads-api:25.0.0] AndroidManifest.xml:78:13-61
114
115        <provider
115-->[com.google.android.gms:play-services-ads-api:25.0.0] AndroidManifest.xml:81:9-86:43
116            android:name="com.google.android.gms.ads.MobileAdsInitProvider"
116-->[com.google.android.gms:play-services-ads-api:25.0.0] AndroidManifest.xml:82:13-76
117            android:authorities="com.zurmati.zeem.mobileadsinitprovider"
117-->[com.google.android.gms:play-services-ads-api:25.0.0] AndroidManifest.xml:83:13-73
118            android:exported="false"
118-->[com.google.android.gms:play-services-ads-api:25.0.0] AndroidManifest.xml:84:13-37
119            android:initOrder="100" />
119-->[com.google.android.gms:play-services-ads-api:25.0.0] AndroidManifest.xml:85:13-36
120
121        <service
121-->[com.google.android.gms:play-services-ads-api:25.0.0] AndroidManifest.xml:88:9-92:43
122            android:name="com.google.android.gms.ads.AdService"
122-->[com.google.android.gms:play-services-ads-api:25.0.0] AndroidManifest.xml:89:13-64
123            android:enabled="true"
123-->[com.google.android.gms:play-services-ads-api:25.0.0] AndroidManifest.xml:90:13-35
124            android:exported="false" />
124-->[com.google.android.gms:play-services-ads-api:25.0.0] AndroidManifest.xml:91:13-37
125
126        <activity
126-->[com.google.android.gms:play-services-ads-api:25.0.0] AndroidManifest.xml:94:9-98:43
127            android:name="com.google.android.gms.ads.OutOfContextTestingActivity"
127-->[com.google.android.gms:play-services-ads-api:25.0.0] AndroidManifest.xml:95:13-82
128            android:configChanges="keyboard|keyboardHidden|orientation|screenLayout|uiMode|screenSize|smallestScreenSize"
128-->[com.google.android.gms:play-services-ads-api:25.0.0] AndroidManifest.xml:96:13-122
129            android:exported="false" />
129-->[com.google.android.gms:play-services-ads-api:25.0.0] AndroidManifest.xml:97:13-37
130        <activity
130-->[com.google.android.gms:play-services-ads-api:25.0.0] AndroidManifest.xml:99:9-106:43
131            android:name="com.google.android.gms.ads.NotificationHandlerActivity"
131-->[com.google.android.gms:play-services-ads-api:25.0.0] AndroidManifest.xml:100:13-82
132            android:excludeFromRecents="true"
132-->[com.google.android.gms:play-services-ads-api:25.0.0] AndroidManifest.xml:101:13-46
133            android:exported="false"
133-->[com.google.android.gms:play-services-ads-api:25.0.0] AndroidManifest.xml:102:13-37
134            android:launchMode="singleTask"
134-->[com.google.android.gms:play-services-ads-api:25.0.0] AndroidManifest.xml:103:13-44
135            android:taskAffinity=""
135-->[com.google.android.gms:play-services-ads-api:25.0.0] AndroidManifest.xml:104:13-36
136            android:theme="@android:style/Theme.Translucent.NoTitleBar" />
136-->[com.google.android.gms:play-services-ads-api:25.0.0] AndroidManifest.xml:105:13-72
137
138        <receiver
138-->[com.google.android.gms:play-services-measurement:23.0.0] AndroidManifest.xml:29:9-33:20
139            android:name="com.google.android.gms.measurement.AppMeasurementReceiver"
139-->[com.google.android.gms:play-services-measurement:23.0.0] AndroidManifest.xml:30:13-85
140            android:enabled="true"
140-->[com.google.android.gms:play-services-measurement:23.0.0] AndroidManifest.xml:31:13-35
141            android:exported="false" >
141-->[com.google.android.gms:play-services-measurement:23.0.0] AndroidManifest.xml:32:13-37
142        </receiver>
143
144        <service
144-->[com.google.android.gms:play-services-measurement:23.0.0] AndroidManifest.xml:35:9-38:40
145            android:name="com.google.android.gms.measurement.AppMeasurementService"
145-->[com.google.android.gms:play-services-measurement:23.0.0] AndroidManifest.xml:36:13-84
146            android:enabled="true"
146-->[com.google.android.gms:play-services-measurement:23.0.0] AndroidManifest.xml:37:13-35
147            android:exported="false" />
147-->[com.google.android.gms:play-services-measurement:23.0.0] AndroidManifest.xml:38:13-37
148        <service
148-->[com.google.android.gms:play-services-measurement:23.0.0] AndroidManifest.xml:39:9-43:72
149            android:name="com.google.android.gms.measurement.AppMeasurementJobService"
149-->[com.google.android.gms:play-services-measurement:23.0.0] AndroidManifest.xml:40:13-87
150            android:enabled="true"
150-->[com.google.android.gms:play-services-measurement:23.0.0] AndroidManifest.xml:41:13-35
151            android:exported="false"
151-->[com.google.android.gms:play-services-measurement:23.0.0] AndroidManifest.xml:42:13-37
152            android:permission="android.permission.BIND_JOB_SERVICE" />
152-->[com.google.android.gms:play-services-measurement:23.0.0] AndroidManifest.xml:43:13-69
153        <service
153-->[com.google.android.gms:play-services-measurement-api:23.0.0] AndroidManifest.xml:30:9-36:19
154            android:name="com.google.firebase.components.ComponentDiscoveryService"
154-->[com.google.android.gms:play-services-measurement-api:23.0.0] AndroidManifest.xml:31:13-84
155            android:directBootAware="true"
155-->[com.google.firebase:firebase-common:22.0.1] AndroidManifest.xml:32:13-43
156            android:exported="false" >
156-->[com.google.android.gms:play-services-measurement-api:23.0.0] AndroidManifest.xml:32:13-37
157            <meta-data
157-->[com.google.android.gms:play-services-measurement-api:23.0.0] AndroidManifest.xml:33:13-35:85
158                android:name="com.google.firebase.components:com.google.firebase.analytics.connector.internal.AnalyticsConnectorRegistrar"
158-->[com.google.android.gms:play-services-measurement-api:23.0.0] AndroidManifest.xml:34:17-139
159                android:value="com.google.firebase.components.ComponentRegistrar" />
159-->[com.google.android.gms:play-services-measurement-api:23.0.0] AndroidManifest.xml:35:17-82
160            <meta-data
160-->[com.google.firebase:firebase-installations:19.0.1] AndroidManifest.xml:15:13-17:85
161                android:name="com.google.firebase.components:com.google.firebase.installations.FirebaseInstallationsKtxRegistrar"
161-->[com.google.firebase:firebase-installations:19.0.1] AndroidManifest.xml:16:17-130
162                android:value="com.google.firebase.components.ComponentRegistrar" />
162-->[com.google.firebase:firebase-installations:19.0.1] AndroidManifest.xml:17:17-82
163            <meta-data
163-->[com.google.firebase:firebase-installations:19.0.1] AndroidManifest.xml:18:13-20:85
164                android:name="com.google.firebase.components:com.google.firebase.installations.FirebaseInstallationsRegistrar"
164-->[com.google.firebase:firebase-installations:19.0.1] AndroidManifest.xml:19:17-127
165                android:value="com.google.firebase.components.ComponentRegistrar" />
165-->[com.google.firebase:firebase-installations:19.0.1] AndroidManifest.xml:20:17-82
166            <meta-data
166-->[com.google.firebase:firebase-common:22.0.1] AndroidManifest.xml:35:13-37:85
167                android:name="com.google.firebase.components:com.google.firebase.FirebaseCommonKtxRegistrar"
167-->[com.google.firebase:firebase-common:22.0.1] AndroidManifest.xml:36:17-109
168                android:value="com.google.firebase.components.ComponentRegistrar" />
168-->[com.google.firebase:firebase-common:22.0.1] AndroidManifest.xml:37:17-82
169        </service>
170
171        <meta-data
171-->[com.android.billingclient:billing:8.3.0] AndroidManifest.xml:22:9-24:37
172            android:name="com.google.android.play.billingclient.version"
172-->[com.android.billingclient:billing:8.3.0] AndroidManifest.xml:23:13-73
173            android:value="8.3.0" />
173-->[com.android.billingclient:billing:8.3.0] AndroidManifest.xml:24:13-34
174
175        <activity
175-->[com.android.billingclient:billing:8.3.0] AndroidManifest.xml:26:9-30:75
176            android:name="com.android.billingclient.api.ProxyBillingActivity"
176-->[com.android.billingclient:billing:8.3.0] AndroidManifest.xml:27:13-78
177            android:configChanges="keyboard|keyboardHidden|screenLayout|screenSize|orientation"
177-->[com.android.billingclient:billing:8.3.0] AndroidManifest.xml:28:13-96
178            android:exported="false"
178-->[com.android.billingclient:billing:8.3.0] AndroidManifest.xml:29:13-37
179            android:theme="@android:style/Theme.Translucent.NoTitleBar" />
179-->[com.android.billingclient:billing:8.3.0] AndroidManifest.xml:30:13-72
180        <activity
180-->[com.android.billingclient:billing:8.3.0] AndroidManifest.xml:31:9-35:75
181            android:name="com.android.billingclient.api.ProxyBillingActivityV2"
181-->[com.android.billingclient:billing:8.3.0] AndroidManifest.xml:32:13-80
182            android:configChanges="keyboard|keyboardHidden|screenLayout|screenSize|orientation"
182-->[com.android.billingclient:billing:8.3.0] AndroidManifest.xml:33:13-96
183            android:exported="false"
183-->[com.android.billingclient:billing:8.3.0] AndroidManifest.xml:34:13-37
184            android:theme="@android:style/Theme.Translucent.NoTitleBar" />
184-->[com.android.billingclient:billing:8.3.0] AndroidManifest.xml:35:13-72
185        <activity
185-->[com.google.android.gms:play-services-base:18.5.0] AndroidManifest.xml:5:9-173
186            android:name="com.google.android.gms.common.api.GoogleApiActivity"
186-->[com.google.android.gms:play-services-base:18.5.0] AndroidManifest.xml:5:19-85
187            android:exported="false"
187-->[com.google.android.gms:play-services-base:18.5.0] AndroidManifest.xml:5:146-170
188            android:theme="@android:style/Theme.Translucent.NoTitleBar" />
188-->[com.google.android.gms:play-services-base:18.5.0] AndroidManifest.xml:5:86-145
189
190        <provider
190-->[com.google.firebase:firebase-common:22.0.1] AndroidManifest.xml:23:9-28:39
191            android:name="com.google.firebase.provider.FirebaseInitProvider"
191-->[com.google.firebase:firebase-common:22.0.1] AndroidManifest.xml:24:13-77
192            android:authorities="com.zurmati.zeem.firebaseinitprovider"
192-->[com.google.firebase:firebase-common:22.0.1] AndroidManifest.xml:25:13-72
193            android:directBootAware="true"
193-->[com.google.firebase:firebase-common:22.0.1] AndroidManifest.xml:26:13-43
194            android:exported="false"
194-->[com.google.firebase:firebase-common:22.0.1] AndroidManifest.xml:27:13-37
195            android:initOrder="100" />
195-->[com.google.firebase:firebase-common:22.0.1] AndroidManifest.xml:28:13-36
196        <provider
196-->[androidx.emoji2:emoji2:1.3.0] AndroidManifest.xml:24:9-32:20
197            android:name="androidx.startup.InitializationProvider"
197-->[androidx.emoji2:emoji2:1.3.0] AndroidManifest.xml:25:13-67
198            android:authorities="com.zurmati.zeem.androidx-startup"
198-->[androidx.emoji2:emoji2:1.3.0] AndroidManifest.xml:26:13-68
199            android:exported="false" >
199-->[androidx.emoji2:emoji2:1.3.0] AndroidManifest.xml:27:13-37
200            <meta-data
200-->[androidx.emoji2:emoji2:1.3.0] AndroidManifest.xml:29:13-31:52
201                android:name="androidx.emoji2.text.EmojiCompatInitializer"
201-->[androidx.emoji2:emoji2:1.3.0] AndroidManifest.xml:30:17-75
202                android:value="androidx.startup" />
202-->[androidx.emoji2:emoji2:1.3.0] AndroidManifest.xml:31:17-49
203            <meta-data
203-->[androidx.work:work-runtime:2.7.0] AndroidManifest.xml:36:13-38:52
204                android:name="androidx.work.WorkManagerInitializer"
204-->[androidx.work:work-runtime:2.7.0] AndroidManifest.xml:37:17-68
205                android:value="androidx.startup" />
205-->[androidx.work:work-runtime:2.7.0] AndroidManifest.xml:38:17-49
206            <meta-data
206-->[androidx.lifecycle:lifecycle-process:2.10.0] AndroidManifest.xml:29:13-31:52
207                android:name="androidx.lifecycle.ProcessLifecycleInitializer"
207-->[androidx.lifecycle:lifecycle-process:2.10.0] AndroidManifest.xml:30:17-78
208                android:value="androidx.startup" />
208-->[androidx.lifecycle:lifecycle-process:2.10.0] AndroidManifest.xml:31:17-49
209            <meta-data
209-->[androidx.profileinstaller:profileinstaller:1.4.0] AndroidManifest.xml:29:13-31:52
210                android:name="androidx.profileinstaller.ProfileInstallerInitializer"
210-->[androidx.profileinstaller:profileinstaller:1.4.0] AndroidManifest.xml:30:17-85
211                android:value="androidx.startup" />
211-->[androidx.profileinstaller:profileinstaller:1.4.0] AndroidManifest.xml:31:17-49
212        </provider>
213
214        <service
214-->[androidx.work:work-runtime:2.7.0] AndroidManifest.xml:41:9-46:35
215            android:name="androidx.work.impl.background.systemalarm.SystemAlarmService"
215-->[androidx.work:work-runtime:2.7.0] AndroidManifest.xml:42:13-88
216            android:directBootAware="false"
216-->[androidx.work:work-runtime:2.7.0] AndroidManifest.xml:43:13-44
217            android:enabled="@bool/enable_system_alarm_service_default"
217-->[androidx.work:work-runtime:2.7.0] AndroidManifest.xml:44:13-72
218            android:exported="false" />
218-->[androidx.work:work-runtime:2.7.0] AndroidManifest.xml:45:13-37
219        <service
219-->[androidx.work:work-runtime:2.7.0] AndroidManifest.xml:47:9-53:35
220            android:name="androidx.work.impl.background.systemjob.SystemJobService"
220-->[androidx.work:work-runtime:2.7.0] AndroidManifest.xml:48:13-84
221            android:directBootAware="false"
221-->[androidx.work:work-runtime:2.7.0] AndroidManifest.xml:49:13-44
222            android:enabled="@bool/enable_system_job_service_default"
222-->[androidx.work:work-runtime:2.7.0] AndroidManifest.xml:50:13-70
223            android:exported="true"
223-->[androidx.work:work-runtime:2.7.0] AndroidManifest.xml:51:13-36
224            android:permission="android.permission.BIND_JOB_SERVICE" />
224-->[androidx.work:work-runtime:2.7.0] AndroidManifest.xml:52:13-69
225        <service
225-->[androidx.work:work-runtime:2.7.0] AndroidManifest.xml:54:9-59:35
226            android:name="androidx.work.impl.foreground.SystemForegroundService"
226-->[androidx.work:work-runtime:2.7.0] AndroidManifest.xml:55:13-81
227            android:directBootAware="false"
227-->[androidx.work:work-runtime:2.7.0] AndroidManifest.xml:56:13-44
228            android:enabled="@bool/enable_system_foreground_service_default"
228-->[androidx.work:work-runtime:2.7.0] AndroidManifest.xml:57:13-77
229            android:exported="false" />
229-->[androidx.work:work-runtime:2.7.0] AndroidManifest.xml:58:13-37
230
231        <receiver
231-->[androidx.work:work-runtime:2.7.0] AndroidManifest.xml:61:9-66:35
232            android:name="androidx.work.impl.utils.ForceStopRunnable$BroadcastReceiver"
232-->[androidx.work:work-runtime:2.7.0] AndroidManifest.xml:62:13-88
233            android:directBootAware="false"
233-->[androidx.work:work-runtime:2.7.0] AndroidManifest.xml:63:13-44
234            android:enabled="true"
234-->[androidx.work:work-runtime:2.7.0] AndroidManifest.xml:64:13-35
235            android:exported="false" />
235-->[androidx.work:work-runtime:2.7.0] AndroidManifest.xml:65:13-37
236        <receiver
236-->[androidx.work:work-runtime:2.7.0] AndroidManifest.xml:67:9-77:20
237            android:name="androidx.work.impl.background.systemalarm.ConstraintProxy$BatteryChargingProxy"
237-->[androidx.work:work-runtime:2.7.0] AndroidManifest.xml:68:13-106
238            android:directBootAware="false"
238-->[androidx.work:work-runtime:2.7.0] AndroidManifest.xml:69:13-44
239            android:enabled="false"
239-->[androidx.work:work-runtime:2.7.0] AndroidManifest.xml:70:13-36
240            android:exported="false" >
240-->[androidx.work:work-runtime:2.7.0] AndroidManifest.xml:71:13-37
241            <intent-filter>
241-->[androidx.work:work-runtime:2.7.0] AndroidManifest.xml:73:13-76:29
242                <action android:name="android.intent.action.ACTION_POWER_CONNECTED" />
242-->[androidx.work:work-runtime:2.7.0] AndroidManifest.xml:74:17-87
242-->[androidx.work:work-runtime:2.7.0] AndroidManifest.xml:74:25-84
243                <action android:name="android.intent.action.ACTION_POWER_DISCONNECTED" />
243-->[androidx.work:work-runtime:2.7.0] AndroidManifest.xml:75:17-90
243-->[androidx.work:work-runtime:2.7.0] AndroidManifest.xml:75:25-87
244            </intent-filter>
245        </receiver>
246        <receiver
246-->[androidx.work:work-runtime:2.7.0] AndroidManifest.xml:78:9-88:20
247            android:name="androidx.work.impl.background.systemalarm.ConstraintProxy$BatteryNotLowProxy"
247-->[androidx.work:work-runtime:2.7.0] AndroidManifest.xml:79:13-104
248            android:directBootAware="false"
248-->[androidx.work:work-runtime:2.7.0] AndroidManifest.xml:80:13-44
249            android:enabled="false"
249-->[androidx.work:work-runtime:2.7.0] AndroidManifest.xml:81:13-36
250            android:exported="false" >
250-->[androidx.work:work-runtime:2.7.0] AndroidManifest.xml:82:13-37
251            <intent-filter>
251-->[androidx.work:work-runtime:2.7.0] AndroidManifest.xml:84:13-87:29
252                <action android:name="android.intent.action.BATTERY_OKAY" />
252-->[androidx.work:work-runtime:2.7.0] AndroidManifest.xml:85:17-77
252-->[androidx.work:work-runtime:2.7.0] AndroidManifest.xml:85:25-74
253                <action android:name="android.intent.action.BATTERY_LOW" />
253-->[androidx.work:work-runtime:2.7.0] AndroidManifest.xml:86:17-76
253-->[androidx.work:work-runtime:2.7.0] AndroidManifest.xml:86:25-73
254            </intent-filter>
255        </receiver>
256        <receiver
256-->[androidx.work:work-runtime:2.7.0] AndroidManifest.xml:89:9-99:20
257            android:name="androidx.work.impl.background.systemalarm.ConstraintProxy$StorageNotLowProxy"
257-->[androidx.work:work-runtime:2.7.0] AndroidManifest.xml:90:13-104
258            android:directBootAware="false"
258-->[androidx.work:work-runtime:2.7.0] AndroidManifest.xml:91:13-44
259            android:enabled="false"
259-->[androidx.work:work-runtime:2.7.0] AndroidManifest.xml:92:13-36
260            android:exported="false" >